<?xml version="1.0" encoding="UTF-8"?>
<!-- Generated by org.testng.reporters.JUnitReportReporter -->
<testsuite hostname="praveen-PC" name="Day1.oct29" tests="1" failures="0" timestamp="29 Oct 2015 12:29:18 GMT" time="0.031" errors="0">
  <testcase name="Logintest" time="0.031" classname="Day1.oct29"/>
</testsuite> <!-- Day1.oct29 -->
